<?xml version="1.0" encoding="UTF-8"?>
<!-- Generated by org.testng.reporters.JUnitReportReporter -->
<testsuite skipped="0" hostname="X-C02VQ3FVG8WN" name="com.interactions.automation.interactions.ParsingJsonComplexData" tests="1" failures="0" timestamp="05 Jan 2021 07:46:54 GMT" time="24.782" errors="0">
  <testcase name="parsingJsonCode" time="24.782" classname="com.interactions.automation.interactions.ParsingJsonComplexData"/>
</testsuite> <!-- com.interactions.automation.interactions.ParsingJsonComplexData -->
