<?xml version="1.0" encoding="UTF-8"?>
<!-- Generated by org.testng.reporters.JUnitReportReporter -->
<testsuite skipped="0" hostname="X-C02VQ3FVG8WN" name="com.interactions.automation.interactions.WriteToCSVAndCompare" tests="1" failures="0" timestamp="05 Jan 2021 08:55:58 GMT" time="0.013" errors="0">
  <testcase name="testReadThenWriteToCSVFile" time="0.013" classname="com.interactions.automation.interactions.WriteToCSVAndCompare"/>
</testsuite> <!-- com.interactions.automation.interactions.WriteToCSVAndCompare -->
