<?xml version="1.0" encoding="UTF-8"?>
<!-- Generated by org.testng.reporters.JUnitReportReporter -->
<testsuite skipped="0" hostname="X-C02VQ3FVG8WN" name="com.interactions.automation.interactions.ReadingCSVFile" tests="1" failures="0" timestamp="05 Jan 2021 08:22:51 GMT" time="0.014" errors="0">
  <testcase name="testReadingCSVFile" time="0.014" classname="com.interactions.automation.interactions.ReadingCSVFile"/>
</testsuite> <!-- com.interactions.automation.interactions.ReadingCSVFile -->
